<?xml version="1.0" encoding="UTF-8"?>
<!-- Generated by org.testng.reporters.JUnitReportReporter -->
<testsuite hostname="LAPTOP-UDU34NSP" failures="0" tests="1" name="com.shopshoes.teststepts.PostDemo" time="4.292" errors="0" timestamp="2023-08-24T13:18:08 IST" skipped="0">
  <testcase classname="com.shopshoes.teststepts.PostDemo" name="getServerResponse" time="4.292"/>
  <system-out/>
</testsuite> <!-- com.shopshoes.teststepts.PostDemo -->
