<?xml version="1.0" encoding="UTF-8"?>
<!-- Generated by org.testng.reporters.JUnitReportReporter -->
<testsuite hostname="LAPTOP-UDU34NSP" failures="0" tests="1" name="com.shopshoes.teststepts.Get1Demo" time="4.209" errors="0" timestamp="2023-08-24T13:07:22 IST" skipped="0">
  <testcase classname="com.shopshoes.teststepts.Get1Demo" name="getServerResponse" time="4.209"/>
  <system-out/>
</testsuite> <!-- com.shopshoes.teststepts.Get1Demo -->
