<?xml version="1.0" encoding="UTF-8"?>
<!-- Generated by org.testng.reporters.JUnitReportReporter -->
<testsuite hostname="LAPTOP-UDU34NSP" failures="0" tests="1" name="com.sporty_shoes_testscripts.Buyshoes1" time="12.821" errors="0" timestamp="2023-08-24T12:04:14 IST" skipped="0">
  <testcase classname="com.sporty_shoes_testscripts.Buyshoes1" name="performTest" time="12.821"/>
</testsuite> <!-- com.sporty_shoes_testscripts.Buyshoes1 -->
