<?xml version="1.0" encoding="UTF-8"?>
<!-- Generated by org.testng.reporters.JUnitReportReporter -->
<testsuite hostname="LAPTOP-UDU34NSP" failures="0" tests="1" name="com.sporty_shoes_testscripts.BuyShoesTest" time="22.142" errors="0" timestamp="2023-08-24T14:48:01 IST" skipped="0">
  <testcase classname="com.sporty_shoes_testscripts.BuyShoesTest" name="performTest" time="22.142"/>
</testsuite> <!-- com.sporty_shoes_testscripts.BuyShoesTest -->
